<?xml version="1.0" encoding="utf-8"?>
<CoverageSession xmlns:xsd="http://www.w3.org/2001/XMLSchema" xmlns:xsi="http://www.w3.org/2001/XMLSchema-instance" Version="4.6.0.0">
  <Summary numSequencePoints="17" visitedSequencePoints="2" numBranchPoints="4" visitedBranchPoints="1" sequenceCoverage="11.76" branchCoverage="25" maxCyclomaticComplexity="3" minCyclomaticComplexity="0" maxCrapScore="12" minCrapScore="0" visitedClasses="1" numClasses="2" visitedMethods="1" numMethods="4" />
  <Modules>
    <Module hash="8C-77-4C-0D-3B-75-83-81-8E-08-A9-09-68-2D-CD-A2-98-67-D9-4D">
      <Summary numSequencePoints="17" visitedSequencePoints="2" numBranchPoints="4" visitedBranchPoints="1" sequenceCoverage="11.76" branchCoverage="25" maxCyclomaticComplexity="3" minCyclomaticComplexity="0" maxCrapScore="12" minCrapScore="0" visitedClasses="1" numClasses="2" visitedMethods="1" numMethods="4" />
      <ModulePath>E:\Sem 3\Server-Side ASP.Net\FoodOnFinger\FoodOnFinger.Tests\bin\Debug\FoodOnFinger.Tests.dll</ModulePath>
      <ModuleTime>2019-03-31T22:02:44.5278129Z</ModuleTime>
      <ModuleName>FoodOnFinger.Tests</ModuleName>
      <Files>
        <File uid="1" fullPath="E:\Sem 3\Server-Side ASP.Net\FoodOnFinger\FoodOnFinger.Tests\Controllers\ProductsControllerTest.cs" />
        <File uid="2" fullPath="E:\Sem 3\Server-Side ASP.Net\FoodOnFinger\FoodOnFinger.Tests\Controllers\HomeControllerTest.cs" />
      </Files>
      <Classes>
        <Class>
          <Summary numSequencePoints="2" visitedSequencePoints="2" numBranchPoints="1" visitedBranchPoints="1" sequenceCoverage="100" branchCoverage="100" maxCyclomaticComplexity="1" minCyclomaticComplexity="1" maxCrapScore="2" minCrapScore="1" visitedClasses="1" numClasses="1" visitedMethods="1" numMethods="1" />
          <FullName>FoodOnFinger.Tests.Controllers.ProductsControllerTest</FullName>
          <Methods>
            <Method visited="true" cyclomaticComplexity="1" nPathComplexity="0" sequenceCoverage="100" branchCoverage="100" crapScore="1" isConstructor="false" isStatic="false" isGetter="false" isSetter="false">
              <Summary numSequencePoints="2" visitedSequencePoints="2" numBranchPoints="1" visitedBranchPoints="1" sequenceCoverage="100" branchCoverage="100" maxCyclomaticComplexity="1" minCyclomaticComplexity="1" maxCrapScore="1" minCrapScore="1" visitedClasses="0" numClasses="0" visitedMethods="1" numMethods="1" />
              <MetadataToken>100663297</MetadataToken>
              <Name>System.Void FoodOnFinger.Tests.Controllers.ProductsControllerTest::TestMethod1()</Name>
              <FileRef uid="1" />
              <SequencePoints>
                <SequencePoint vc="1" uspid="1" ordinal="0" offset="0" sl="11" sc="9" el="11" ec="10" bec="0" bev="0" fileid="1">
                  <TrackedMethodRefs>
                    <TrackedMethodRef uid="1" vc="1" />
                  </TrackedMethodRefs>
                </SequencePoint>
                <SequencePoint vc="1" uspid="2" ordinal="1" offset="1" sl="13" sc="9" el="13" ec="10" bec="0" bev="0" fileid="1">
                  <TrackedMethodRefs>
                    <TrackedMethodRef uid="1" vc="1" />
                  </TrackedMethodRefs>
                </SequencePoint>
              </SequencePoints>
              <BranchPoints />
              <MethodPoint xsi:type="SequencePoint" vc="1" uspid="1" ordinal="0" offset="0" sl="11" sc="9" el="11" ec="10" bec="0" bev="0" fileid="1">
                <TrackedMethodRefs>
                  <TrackedMethodRef uid="1" vc="1" />
                </TrackedMethodRefs>
              </MethodPoint>
            </Method>
            <Method visited="false" cyclomaticComplexity="1" nPathComplexity="0" sequenceCoverage="0" branchCoverage="0" crapScore="2" isConstructor="true" isStatic="false" isGetter="false" isSetter="false">
              <Summary numSequencePoints="0" visitedSequencePoints="0" numBranchPoints="0" visitedBranchPoints="0" sequenceCoverage="0" branchCoverage="0" maxCyclomaticComplexity="1" minCyclomaticComplexity="1" maxCrapScore="2" minCrapScore="2" visitedClasses="0" numClasses="0" visitedMethods="0" numMethods="0" />
              <MetadataToken>100663298</MetadataToken>
              <Name>System.Void FoodOnFinger.Tests.Controllers.ProductsControllerTest::.ctor()</Name>
              <SequencePoints />
              <BranchPoints />
              <MethodPoint vc="0" uspid="3" ordinal="0" offset="0" />
            </Method>
          </Methods>
        </Class>
        <Class>
          <Summary numSequencePoints="15" visitedSequencePoints="0" numBranchPoints="3" visitedBranchPoints="0" sequenceCoverage="0" branchCoverage="0" maxCyclomaticComplexity="3" minCyclomaticComplexity="1" maxCrapScore="12" minCrapScore="2" visitedClasses="0" numClasses="1" visitedMethods="0" numMethods="3" />
          <FullName>FoodOnFinger.Tests.Controllers.HomeControllerTest</FullName>
          <Methods>
            <Method visited="false" cyclomaticComplexity="1" nPathComplexity="0" sequenceCoverage="0" branchCoverage="0" crapScore="2" isConstructor="false" isStatic="false" isGetter="false" isSetter="false">
              <Summary numSequencePoints="5" visitedSequencePoints="0" numBranchPoints="1" visitedBranchPoints="0" sequenceCoverage="0" branchCoverage="0" maxCyclomaticComplexity="1" minCyclomaticComplexity="1" maxCrapScore="2" minCrapScore="2" visitedClasses="0" numClasses="0" visitedMethods="0" numMethods="1" />
              <MetadataToken>100663299</MetadataToken>
              <Name>System.Void FoodOnFinger.Tests.Controllers.HomeControllerTest::Index()</Name>
              <FileRef uid="2" />
              <SequencePoints>
                <SequencePoint vc="0" uspid="4" ordinal="0" offset="0" sl="17" sc="9" el="17" ec="10" bec="0" bev="0" fileid="2" />
                <SequencePoint vc="0" uspid="5" ordinal="1" offset="1" sl="19" sc="13" el="19" ec="62" bec="0" bev="0" fileid="2" />
                <SequencePoint vc="0" uspid="6" ordinal="2" offset="7" sl="22" sc="13" el="22" ec="66" bec="0" bev="0" fileid="2" />
                <SequencePoint vc="0" uspid="7" ordinal="3" offset="19" sl="25" sc="13" el="25" ec="38" bec="0" bev="0" fileid="2" />
                <SequencePoint vc="0" uspid="8" ordinal="4" offset="26" sl="26" sc="9" el="26" ec="10" bec="0" bev="0" fileid="2" />
              </SequencePoints>
              <BranchPoints />
              <MethodPoint xsi:type="SequencePoint" vc="0" uspid="4" ordinal="0" offset="0" sl="17" sc="9" el="17" ec="10" bec="0" bev="0" fileid="2" />
            </Method>
            <Method visited="false" cyclomaticComplexity="3" nPathComplexity="0" sequenceCoverage="0" branchCoverage="0" crapScore="12" isConstructor="false" isStatic="false" isGetter="false" isSetter="false">
              <Summary numSequencePoints="5" visitedSequencePoints="0" numBranchPoints="1" visitedBranchPoints="0" sequenceCoverage="0" branchCoverage="0" maxCyclomaticComplexity="3" minCyclomaticComplexity="3" maxCrapScore="12" minCrapScore="12" visitedClasses="0" numClasses="0" visitedMethods="0" numMethods="1" />
              <MetadataToken>100663300</MetadataToken>
              <Name>System.Void FoodOnFinger.Tests.Controllers.HomeControllerTest::About()</Name>
              <FileRef uid="2" />
              <SequencePoints>
                <SequencePoint vc="0" uspid="9" ordinal="0" offset="0" sl="30" sc="9" el="30" ec="10" bec="0" bev="0" fileid="2" />
                <SequencePoint vc="0" uspid="10" ordinal="1" offset="1" sl="32" sc="13" el="32" ec="62" bec="0" bev="0" fileid="2" />
                <SequencePoint vc="0" uspid="11" ordinal="2" offset="7" sl="35" sc="13" el="35" ec="66" bec="0" bev="0" fileid="2" />
                <SequencePoint vc="0" uspid="12" ordinal="3" offset="19" sl="38" sc="13" el="38" ec="91" bec="0" bev="0" fileid="2" />
                <SequencePoint vc="0" uspid="13" ordinal="4" offset="219" sl="39" sc="9" el="39" ec="10" bec="0" bev="0" fileid="2" />
              </SequencePoints>
              <BranchPoints />
              <MethodPoint xsi:type="SequencePoint" vc="0" uspid="9" ordinal="0" offset="0" sl="30" sc="9" el="30" ec="10" bec="0" bev="0" fileid="2" />
            </Method>
            <Method visited="false" cyclomaticComplexity="1" nPathComplexity="0" sequenceCoverage="0" branchCoverage="0" crapScore="2" isConstructor="false" isStatic="false" isGetter="false" isSetter="false">
              <Summary numSequencePoints="5" visitedSequencePoints="0" numBranchPoints="1" visitedBranchPoints="0" sequenceCoverage="0" branchCoverage="0" maxCyclomaticComplexity="1" minCyclomaticComplexity="1" maxCrapScore="2" minCrapScore="2" visitedClasses="0" numClasses="0" visitedMethods="0" numMethods="1" />
              <MetadataToken>100663301</MetadataToken>
              <Name>System.Void FoodOnFinger.Tests.Controllers.HomeControllerTest::Contact()</Name>
              <FileRef uid="2" />
              <SequencePoints>
                <SequencePoint vc="0" uspid="18" ordinal="0" offset="0" sl="43" sc="9" el="43" ec="10" bec="0" bev="0" fileid="2" />
                <SequencePoint vc="0" uspid="19" ordinal="1" offset="1" sl="45" sc="13" el="45" ec="62" bec="0" bev="0" fileid="2" />
                <SequencePoint vc="0" uspid="20" ordinal="2" offset="7" sl="48" sc="13" el="48" ec="68" bec="0" bev="0" fileid="2" />
                <SequencePoint vc="0" uspid="21" ordinal="3" offset="19" sl="51" sc="13" el="51" ec="38" bec="0" bev="0" fileid="2" />
                <SequencePoint vc="0" uspid="22" ordinal="4" offset="26" sl="52" sc="9" el="52" ec="10" bec="0" bev="0" fileid="2" />
              </SequencePoints>
              <BranchPoints />
              <MethodPoint xsi:type="SequencePoint" vc="0" uspid="18" ordinal="0" offset="0" sl="43" sc="9" el="43" ec="10" bec="0" bev="0" fileid="2" />
            </Method>
            <Method visited="false" cyclomaticComplexity="1" nPathComplexity="0" sequenceCoverage="0" branchCoverage="0" crapScore="2" isConstructor="true" isStatic="false" isGetter="false" isSetter="false">
              <Summary numSequencePoints="0" visitedSequencePoints="0" numBranchPoints="0" visitedBranchPoints="0" sequenceCoverage="0" branchCoverage="0" maxCyclomaticComplexity="1" minCyclomaticComplexity="1" maxCrapScore="2" minCrapScore="2" visitedClasses="0" numClasses="0" visitedMethods="0" numMethods="0" />
              <MetadataToken>100663302</MetadataToken>
              <Name>System.Void FoodOnFinger.Tests.Controllers.HomeControllerTest::.ctor()</Name>
              <SequencePoints />
              <BranchPoints />
              <MethodPoint vc="0" uspid="23" ordinal="0" offset="0" />
            </Method>
          </Methods>
        </Class>
      </Classes>
      <TrackedMethods>
        <TrackedMethod uid="1" token="100663297" name="System.Void FoodOnFinger.Tests.Controllers.ProductsControllerTest::TestMethod1()" strategy="MSTestTest" />
        <TrackedMethod uid="2" token="100663299" name="System.Void FoodOnFinger.Tests.Controllers.HomeControllerTest::Index()" strategy="MSTestTest" />
        <TrackedMethod uid="3" token="100663300" name="System.Void FoodOnFinger.Tests.Controllers.HomeControllerTest::About()" strategy="MSTestTest" />
        <TrackedMethod uid="4" token="100663301" name="System.Void FoodOnFinger.Tests.Controllers.HomeControllerTest::Contact()" strategy="MSTestTest" />
      </TrackedMethods>
    </Module>
  </Modules>
</CoverageSession>